********************************************************************************
PACKAGE-LOG: 2014-04-01 06:19:59
NOTICE: Do NOT post to public sites or forums 
********************************************************************************
VERSION:	0.5.2
WORDPRESS:	3.8.1
PHP INFO:	5.5.3 | SAPI: apache2handler
SERVER:		Apache/2.2.25 (Unix) mod_ssl/2.2.25 OpenSSL/0.9.8y DAV/2 PHP/5.5.3 
PHP TIME LIMIT: (0) no time limit imposed 
PHP MAX MEMORY: 5000M (40M default) 

********************************************************************************
DATABASE:
********************************************************************************
BUILD MODE:   PHP
MYSQLDUMP:    Is Supported
MYSQLTIMEOUT: 5000 
TABLES: total:12 | filtered:0 | create:12 
FILTERED: [] 
wp_commentmeta (0) 
wp_comments (1) 
wp_duplicator_packages (1) 
wp_links (0) 
wp_options (162) 
wp_postmeta (257) 
wp_posts (64) 
wp_term_relationships (25) 
wp_term_taxonomy (2) 
wp_terms (2) 
wp_usermeta (21) 
wp_users (1) 
SQL CREATED: 20140401_renewableappropriateenergyla_533a5a8fc39d51270140401061959_database.sql 
SQL FILE SIZE: 538.58KB 
SQL RUNTIME: 0.28 sec. 

******************************************************************************** 
ARCHIVE (ZIP): 
******************************************************************************** 
ARCHIVE DIR:  /Users/ian/Sites/CLIENTS/RAEL/html/RAEL 
ARCHIVE FILE: 20140401_renewableappropriateenergyla_533a5a8fc39d51270140401061959_archive.zip 
FILTER DIRS:   
FILTER EXTS:   
---------------------------------------- 
SCANNING 
FILTERS *OFF* 
STATS:	Dirs 610 | Files 5703 | Links 0 
SIZE:	74.03MB 
TIME:	1.73 sec. 
---------------------------------------- 
COMPRESSING 
SQL ADDED: 20140401_renewableappropriateenergyla_533a5a8fc39d51270140401061959_database.sql 
ZipArchive Object
(
    [status] => 0
    [statusSys] => 0
    [numFiles] => 6314
    [filename] => /Users/ian/Sites/CLIENTS/RAEL/html/RAEL/wp-snapshots/tmp/20140401_renewableappropriateenergyla_533a5a8fc39d51270140401061959_archive.zip
    [comment] => 
)
 
COMPRESSION RESULT: '1' 
COMPRESSED SIZE: 42.95MB 
ARCHIVE RUNTIME: 40.66 sec. 

******************************************************************************** 
INSTALLER: 
******************************************************************************** 
INSTALLER FILE: Build Start 
INSTALLER FILE: Build Finished 
INSTALLER FILE: Preping for use 
INSTALLER FILE: Template parsed with new data 
INSTALLER FILE: Complete [/Users/ian/Sites/CLIENTS/RAEL/html/RAEL/wp-snapshots/tmp/20140401_renewableappropriateenergyla_533a5a8fc39d51270140401061959_installer.php] 

********************************************************************************
RECORD ID:[1]
FILE SIZE: Archive:42.95MB | SQL:538.58KB | Installer:408.58KB
TOTAL PROCESS RUNTIME: 41.41 sec.
DONE PROCESSING => 20140401_renewableappropriateenergyla 2014-04-01 06:20:41
********************************************************************************
 
